0 info it worked if it ends with ok
1 verbose cli [ 'C:\\Program Files\\nodejs\\node.exe',
1 verbose cli   'C:\\Program Files\\nodejs\\node_modules\\npm\\bin\\npm-cli.js',
1 verbose cli   'install',
1 verbose cli   'react@14.0' ]
2 info using npm@3.10.10
3 info using node@v6.9.4
4 silly loadCurrentTree Starting
5 silly install loadCurrentTree
6 silly install readLocalPackageData
7 silly fetchPackageMetaData react@14.0
8 silly fetchNamedPackageData react
9 silly mapToRegistry name react
10 silly mapToRegistry using default registry
11 silly mapToRegistry registry https://registry.npmjs.org/
12 silly mapToRegistry data Result {
12 silly mapToRegistry   raw: 'react',
12 silly mapToRegistry   scope: null,
12 silly mapToRegistry   escapedName: 'react',
12 silly mapToRegistry   name: 'react',
12 silly mapToRegistry   rawSpec: '',
12 silly mapToRegistry   spec: 'latest',
12 silly mapToRegistry   type: 'tag' }
13 silly mapToRegistry uri https://registry.npmjs.org/react
14 verbose request uri https://registry.npmjs.org/react
15 verbose request no auth needed
16 info attempt registry request try #1 at 9:51:40 AM
17 verbose request id 215ff9b9f0da14d9
18 verbose etag W/"58afa2ac-23319"
19 verbose lastModified Fri, 24 Feb 2017 03:04:12 GMT
20 http request GET https://registry.npmjs.org/react
21 http 304 https://registry.npmjs.org/react
22 verbose headers { date: 'Fri, 24 Feb 2017 14:51:40 GMT',
22 verbose headers   via: '1.1 varnish',
22 verbose headers   'cache-control': 'max-age=300',
22 verbose headers   etag: 'W/"58afa2ac-23319"',
22 verbose headers   age: '281',
22 verbose headers   connection: 'keep-alive',
22 verbose headers   'x-served-by': 'cache-ord1732-ORD',
22 verbose headers   'x-cache': 'HIT',
22 verbose headers   'x-cache-hits': '3',
22 verbose headers   'x-timer': 'S1487947900.692052,VS0,VE0',
22 verbose headers   vary: 'Accept-Encoding' }
23 silly get cb [ 304,
23 silly get   { date: 'Fri, 24 Feb 2017 14:51:40 GMT',
23 silly get     via: '1.1 varnish',
23 silly get     'cache-control': 'max-age=300',
23 silly get     etag: 'W/"58afa2ac-23319"',
23 silly get     age: '281',
23 silly get     connection: 'keep-alive',
23 silly get     'x-served-by': 'cache-ord1732-ORD',
23 silly get     'x-cache': 'HIT',
23 silly get     'x-cache-hits': '3',
23 silly get     'x-timer': 'S1487947900.692052,VS0,VE0',
23 silly get     vary: 'Accept-Encoding' } ]
24 verbose etag https://registry.npmjs.org/react from cache
25 verbose get saving react to C:\Users\Aurora\AppData\Roaming\npm-cache\registry.npmjs.org\react\.cache.json
26 verbose correctMkdir C:\Users\Aurora\AppData\Roaming\npm-cache correctMkdir not in flight; initializing
27 silly fetchNamedPackageData No valid target from cache, forcing network
28 verbose request uri https://registry.npmjs.org/react
29 verbose request no auth needed
30 info attempt registry request try #1 at 9:51:40 AM
31 http request GET https://registry.npmjs.org/react
32 http 200 https://registry.npmjs.org/react
33 verbose headers { server: 'nginx/1.10.1',
33 verbose headers   'content-type': 'application/json',
33 verbose headers   'last-modified': 'Fri, 24 Feb 2017 03:04:12 GMT',
33 verbose headers   etag: 'W/"58afa2ac-23319"',
33 verbose headers   'content-encoding': 'gzip',
33 verbose headers   'cache-control': 'max-age=300',
33 verbose headers   'content-length': '13931',
33 verbose headers   'accept-ranges': 'bytes',
33 verbose headers   date: 'Fri, 24 Feb 2017 14:51:40 GMT',
33 verbose headers   via: '1.1 varnish',
33 verbose headers   age: '281',
33 verbose headers   connection: 'keep-alive',
33 verbose headers   'x-served-by': 'cache-ord1732-ORD',
33 verbose headers   'x-cache': 'HIT',
33 verbose headers   'x-cache-hits': '4',
33 verbose headers   'x-timer': 'S1487947900.830059,VS0,VE0',
33 verbose headers   vary: 'Accept-Encoding' }
34 silly get cb [ 200,
34 silly get   { server: 'nginx/1.10.1',
34 silly get     'content-type': 'application/json',
34 silly get     'last-modified': 'Fri, 24 Feb 2017 03:04:12 GMT',
34 silly get     etag: 'W/"58afa2ac-23319"',
34 silly get     'content-encoding': 'gzip',
34 silly get     'cache-control': 'max-age=300',
34 silly get     'content-length': '13931',
34 silly get     'accept-ranges': 'bytes',
34 silly get     date: 'Fri, 24 Feb 2017 14:51:40 GMT',
34 silly get     via: '1.1 varnish',
34 silly get     age: '281',
34 silly get     connection: 'keep-alive',
34 silly get     'x-served-by': 'cache-ord1732-ORD',
34 silly get     'x-cache': 'HIT',
34 silly get     'x-cache-hits': '4',
34 silly get     'x-timer': 'S1487947900.830059,VS0,VE0',
34 silly get     vary: 'Accept-Encoding' } ]
35 verbose get saving react to C:\Users\Aurora\AppData\Roaming\npm-cache\registry.npmjs.org\react\.cache.json
36 verbose correctMkdir C:\Users\Aurora\AppData\Roaming\npm-cache correctMkdir not in flight; initializing
37 silly fetchPackageMetaData Error: No compatible version found: react@14.0
37 silly fetchPackageMetaData Valid install targets:
37 silly fetchPackageMetaData 16.0.0-alpha.3, 16.0.0-alpha.2, 16.0.0-alpha.0, 16.0.0-alpha, 15.4.2, 15.4.1, 15.4.0, 15.4.0-rc.4, 15.4.0-rc.3, 15.4.0-rc.2, 15.4.0-rc.1, 15.3.2, 15.3.2-rc.1, 15.3.1, 15.3.1-rc.2, 15.3.1-rc.1, 15.3.0, 15.3.0-rc.3, 15.3.0-rc.2, 15.3.0-rc.1, 15.2.1, 15.2.0, 15.2.0-rc.2, 15.2.0-rc.1, 15.1.0, 15.1.0-alpha.1, 15.0.3-alpha.2, 15.0.3-alpha.1, 15.0.2, 15.0.2-alpha.4, 15.0.2-alpha.3, 15.0.2-alpha.2, 15.0.2-alpha.1, 15.0.1, 15.0.0, 15.0.0-rc.2, 15.0.0-rc.1, 0.15.0-alpha.1, 0.14.8, 0.14.7, 0.14.6, 0.14.5, 0.14.4, 0.14.3, 0.14.2, 0.14.1, 0.14.0, 0.14.0-rc1, 0.14.0-beta3, 0.14.0-beta2, 0.14.0-beta1, 0.14.0-alpha3, 0.14.0-alpha2, 0.14.0-alpha1, 0.13.3, 0.13.2, 0.13.1, 0.13.0, 0.13.0-rc2, 0.13.0-rc1, 0.13.0-beta.2, 0.13.0-beta.1, 0.13.0-alpha.2, 0.13.0-alpha.1, 0.12.2, 0.12.1, 0.12.0, 0.12.0-rc1, 0.11.2, 0.11.1, 0.11.0, 0.11.0-rc1, 0.10.0, 0.10.0-rc1, 0.9.0, 0.9.0-rc1, 0.8.0, 0.7.1, 0.7.0, 0.6.3, 0.6.2, 0.6.1, 0.6.0, 0.5.2, 0.5.1, 0.5.0, 0.3.5, 0.3.4, 0.3.0, 0.2.6, 0.2.5, 0.2.4, 0.2.3, 0.2.2, 0.2.1, 0.2.0, 0.1.2, 0.0.3, 0.0.2, 0.0.1
37 silly fetchPackageMetaData
37 silly fetchPackageMetaData     at pickVersionFromRegistryDocument (C:\Program Files\nodejs\node_modules\npm\lib\fetch-package-metadata.js:178:16)
37 silly fetchPackageMetaData     at C:\Program Files\nodejs\node_modules\npm\node_modules\iferr\index.js:13:50
37 silly fetchPackageMetaData     at C:\Program Files\nodejs\node_modules\npm\lib\utils\pulse-till-done.js:20:8
37 silly fetchPackageMetaData     at saved (C:\Program Files\nodejs\node_modules\npm\lib\cache\caching-client.js:174:7)
37 silly fetchPackageMetaData     at C:\Program Files\nodejs\node_modules\npm\node_modules\graceful-fs\polyfills.js:241:18
37 silly fetchPackageMetaData     at FSReqWrap.oncomplete (fs.js:123:15)
37 silly fetchPackageMetaData  error for react@14.0 { Error: No compatible version found: react@14.0
37 silly fetchPackageMetaData Valid install targets:
37 silly fetchPackageMetaData 16.0.0-alpha.3, 16.0.0-alpha.2, 16.0.0-alpha.0, 16.0.0-alpha, 15.4.2, 15.4.1, 15.4.0, 15.4.0-rc.4, 15.4.0-rc.3, 15.4.0-rc.2, 15.4.0-rc.1, 15.3.2, 15.3.2-rc.1, 15.3.1, 15.3.1-rc.2, 15.3.1-rc.1, 15.3.0, 15.3.0-rc.3, 15.3.0-rc.2, 15.3.0-rc.1, 15.2.1, 15.2.0, 15.2.0-rc.2, 15.2.0-rc.1, 15.1.0, 15.1.0-alpha.1, 15.0.3-alpha.2, 15.0.3-alpha.1, 15.0.2, 15.0.2-alpha.4, 15.0.2-alpha.3, 15.0.2-alpha.2, 15.0.2-alpha.1, 15.0.1, 15.0.0, 15.0.0-rc.2, 15.0.0-rc.1, 0.15.0-alpha.1, 0.14.8, 0.14.7, 0.14.6, 0.14.5, 0.14.4, 0.14.3, 0.14.2, 0.14.1, 0.14.0, 0.14.0-rc1, 0.14.0-beta3, 0.14.0-beta2, 0.14.0-beta1, 0.14.0-alpha3, 0.14.0-alpha2, 0.14.0-alpha1, 0.13.3, 0.13.2, 0.13.1, 0.13.0, 0.13.0-rc2, 0.13.0-rc1, 0.13.0-beta.2, 0.13.0-beta.1, 0.13.0-alpha.2, 0.13.0-alpha.1, 0.12.2, 0.12.1, 0.12.0, 0.12.0-rc1, 0.11.2, 0.11.1, 0.11.0, 0.11.0-rc1, 0.10.0, 0.10.0-rc1, 0.9.0, 0.9.0-rc1, 0.8.0, 0.7.1, 0.7.0, 0.6.3, 0.6.2, 0.6.1, 0.6.0, 0.5.2, 0.5.1, 0.5.0, 0.3.5, 0.3.4, 0.3.0, 0.2.6, 0.2.5, 0.2.4, 0.2.3, 0.2.2, 0.2.1, 0.2.0, 0.1.2, 0.0.3, 0.0.2, 0.0.1
37 silly fetchPackageMetaData
37 silly fetchPackageMetaData     at pickVersionFromRegistryDocument (C:\Program Files\nodejs\node_modules\npm\lib\fetch-package-metadata.js:178:16)
37 silly fetchPackageMetaData     at C:\Program Files\nodejs\node_modules\npm\node_modules\iferr\index.js:13:50
37 silly fetchPackageMetaData     at C:\Program Files\nodejs\node_modules\npm\lib\utils\pulse-till-done.js:20:8
37 silly fetchPackageMetaData     at saved (C:\Program Files\nodejs\node_modules\npm\lib\cache\caching-client.js:174:7)
37 silly fetchPackageMetaData     at C:\Program Files\nodejs\node_modules\npm\node_modules\graceful-fs\polyfills.js:241:18
37 silly fetchPackageMetaData     at FSReqWrap.oncomplete (fs.js:123:15) code: 'ETARGET' }
38 silly rollbackFailedOptional Starting
39 silly rollbackFailedOptional Finishing
40 silly runTopLevelLifecycles Finishing
41 silly install printInstalled
42 verbose stack Error: No compatible version found: react@14.0
42 verbose stack Valid install targets:
42 verbose stack 16.0.0-alpha.3, 16.0.0-alpha.2, 16.0.0-alpha.0, 16.0.0-alpha, 15.4.2, 15.4.1, 15.4.0, 15.4.0-rc.4, 15.4.0-rc.3, 15.4.0-rc.2, 15.4.0-rc.1, 15.3.2, 15.3.2-rc.1, 15.3.1, 15.3.1-rc.2, 15.3.1-rc.1, 15.3.0, 15.3.0-rc.3, 15.3.0-rc.2, 15.3.0-rc.1, 15.2.1, 15.2.0, 15.2.0-rc.2, 15.2.0-rc.1, 15.1.0, 15.1.0-alpha.1, 15.0.3-alpha.2, 15.0.3-alpha.1, 15.0.2, 15.0.2-alpha.4, 15.0.2-alpha.3, 15.0.2-alpha.2, 15.0.2-alpha.1, 15.0.1, 15.0.0, 15.0.0-rc.2, 15.0.0-rc.1, 0.15.0-alpha.1, 0.14.8, 0.14.7, 0.14.6, 0.14.5, 0.14.4, 0.14.3, 0.14.2, 0.14.1, 0.14.0, 0.14.0-rc1, 0.14.0-beta3, 0.14.0-beta2, 0.14.0-beta1, 0.14.0-alpha3, 0.14.0-alpha2, 0.14.0-alpha1, 0.13.3, 0.13.2, 0.13.1, 0.13.0, 0.13.0-rc2, 0.13.0-rc1, 0.13.0-beta.2, 0.13.0-beta.1, 0.13.0-alpha.2, 0.13.0-alpha.1, 0.12.2, 0.12.1, 0.12.0, 0.12.0-rc1, 0.11.2, 0.11.1, 0.11.0, 0.11.0-rc1, 0.10.0, 0.10.0-rc1, 0.9.0, 0.9.0-rc1, 0.8.0, 0.7.1, 0.7.0, 0.6.3, 0.6.2, 0.6.1, 0.6.0, 0.5.2, 0.5.1, 0.5.0, 0.3.5, 0.3.4, 0.3.0, 0.2.6, 0.2.5, 0.2.4, 0.2.3, 0.2.2, 0.2.1, 0.2.0, 0.1.2, 0.0.3, 0.0.2, 0.0.1
42 verbose stack
42 verbose stack     at pickVersionFromRegistryDocument (C:\Program Files\nodejs\node_modules\npm\lib\fetch-package-metadata.js:178:16)
42 verbose stack     at C:\Program Files\nodejs\node_modules\npm\node_modules\iferr\index.js:13:50
42 verbose stack     at C:\Program Files\nodejs\node_modules\npm\lib\utils\pulse-till-done.js:20:8
42 verbose stack     at saved (C:\Program Files\nodejs\node_modules\npm\lib\cache\caching-client.js:174:7)
42 verbose stack     at C:\Program Files\nodejs\node_modules\npm\node_modules\graceful-fs\polyfills.js:241:18
42 verbose stack     at FSReqWrap.oncomplete (fs.js:123:15)
43 verbose cwd C:\Users\Aurora\Desktop\Project\BucketListApp
44 error Windows_NT 6.3.9600
45 error argv "C:\\Program Files\\nodejs\\node.exe" "C:\\Program Files\\nodejs\\node_modules\\npm\\bin\\npm-cli.js" "install" "react@14.0"
46 error node v6.9.4
47 error npm  v3.10.10
48 error code ETARGET
49 error notarget No compatible version found: react@14.0
49 error notarget Valid install targets:
49 error notarget 16.0.0-alpha.3, 16.0.0-alpha.2, 16.0.0-alpha.0, 16.0.0-alpha, 15.4.2, 15.4.1, 15.4.0, 15.4.0-rc.4, 15.4.0-rc.3, 15.4.0-rc.2, 15.4.0-rc.1, 15.3.2, 15.3.2-rc.1, 15.3.1, 15.3.1-rc.2, 15.3.1-rc.1, 15.3.0, 15.3.0-rc.3, 15.3.0-rc.2, 15.3.0-rc.1, 15.2.1, 15.2.0, 15.2.0-rc.2, 15.2.0-rc.1, 15.1.0, 15.1.0-alpha.1, 15.0.3-alpha.2, 15.0.3-alpha.1, 15.0.2, 15.0.2-alpha.4, 15.0.2-alpha.3, 15.0.2-alpha.2, 15.0.2-alpha.1, 15.0.1, 15.0.0, 15.0.0-rc.2, 15.0.0-rc.1, 0.15.0-alpha.1, 0.14.8, 0.14.7, 0.14.6, 0.14.5, 0.14.4, 0.14.3, 0.14.2, 0.14.1, 0.14.0, 0.14.0-rc1, 0.14.0-beta3, 0.14.0-beta2, 0.14.0-beta1, 0.14.0-alpha3, 0.14.0-alpha2, 0.14.0-alpha1, 0.13.3, 0.13.2, 0.13.1, 0.13.0, 0.13.0-rc2, 0.13.0-rc1, 0.13.0-beta.2, 0.13.0-beta.1, 0.13.0-alpha.2, 0.13.0-alpha.1, 0.12.2, 0.12.1, 0.12.0, 0.12.0-rc1, 0.11.2, 0.11.1, 0.11.0, 0.11.0-rc1, 0.10.0, 0.10.0-rc1, 0.9.0, 0.9.0-rc1, 0.8.0, 0.7.1, 0.7.0, 0.6.3, 0.6.2, 0.6.1, 0.6.0, 0.5.2, 0.5.1, 0.5.0, 0.3.5, 0.3.4, 0.3.0, 0.2.6, 0.2.5, 0.2.4, 0.2.3, 0.2.2, 0.2.1, 0.2.0, 0.1.2, 0.0.3, 0.0.2, 0.0.1
50 error notarget This is most likely not a problem with npm itself.
50 error notarget In most cases you or one of your dependencies are requesting
50 error notarget a package version that doesn't exist.
51 verbose exit [ 1, true ]
